This file contains any messages produced by compilers while
running configure, to aid debugging if configure makes a mistake.

It was created by [SAMPLE] configure [x.xx], which was
generated by GNU Autoconf 2.59.  Invocation command line was

  $ ./configure --prefix=/usr/local --enable-optimized --enable-assertions --cache-file=/dev/null --srcdir=.

## --------- ##
## Platform. ##
## --------- ##

hostname = MengditekiMacBook-Pro.local
uname -m = x86_64
uname -r = 13.0.0
uname -s = Darwin
uname -v = Darwin Kernel Version 13.0.0: Thu Sep 19 22:22:27 PDT 2013; root:xnu-2422.1.72~6/RELEASE_X86_64

/usr/bin/uname -p = i386
/bin/uname -X     = unknown

/bin/arch              = unknown
/usr/bin/arch -k       = unknown
/usr/convex/getsysinfo = unknown
hostinfo               = Mach kernel version:
	 Darwin Kernel Version 13.0.0: Thu Sep 19 22:22:27 PDT 2013; root:xnu-2422.1.72~6/RELEASE_X86_64
Kernel configured for up to 8 processors.
4 processors are physically available.
8 processors are logically available.
Processor type: i486 (Intel 80486)
Processors active: 0 1 2 3 4 5 6 7
Primary memory available: 4.00 gigabytes
Default processor set: 177 tasks, 860 threads, 8 processors
Load average: 2.72, Mach factor: 5.27
/bin/machine           = unknown
/usr/bin/oslevel       = unknown
/bin/universe          = unknown

PATH: /usr/local/heroku/bin
PATH: /usr/bin
PATH: /bin
PATH: /usr/sbin
PATH: /sbin
PATH: /usr/local/bin
PATH: /opt/X11/bin
PATH: /usr/texbin
PATH: /Users/Mdwang/bin
PATH: /usr/bin
PATH: /bin
PATH: /usr/sbin
PATH: /sbin
PATH: /usr/local/bin
PATH: /opt/X11/bin
PATH: /Applications/Xcode.app/Contents/Developer/Toolchains/XcodeDefault.xctoolchain/usr/lib
PATH: /Applications/Xcode.app/Contents/Developer/Toolchains/XcodeDefault.xctoolchain/usr/lib/clang/5.0/lib/darwin


## ----------- ##
## Core tests. ##
## ----------- ##

configure:1446: creating ./config.status

## ---------------------- ##
## Running config.status. ##
## ---------------------- ##

This file was extended by [SAMPLE] config.status [x.xx], which was
generated by GNU Autoconf 2.59.  Invocation command line was

  CONFIG_FILES    = 
  CONFIG_HEADERS  = 
  CONFIG_LINKS    = 
  CONFIG_COMMANDS = 
  $ ./config.status 

on MengditekiMacBook-Pro.local

config.status:643: creating Makefile.common
config.status:825: executing setup commands
config.status:825: executing Makefile commands
config.status:825: executing lib/Makefile commands
config.status:825: executing lib/sample/Makefile commands
config.status:825: executing tools/Makefile commands
config.status:825: executing tools/sample/Makefile commands

## ---------------- ##
## Cache variables. ##
## ---------------- ##

ac_cv_env_build_alias_set=
ac_cv_env_build_alias_value=
ac_cv_env_host_alias_set=
ac_cv_env_host_alias_value=
ac_cv_env_target_alias_set=
ac_cv_env_target_alias_value=

## ----------------- ##
## Output variables. ##
## ----------------- ##

DEFS='-DPACKAGE_NAME=\"\[SAMPLE\]\" -DPACKAGE_TARNAME=\"--sample--\" -DPACKAGE_VERSION=\"\[x.xx\]\" -DPACKAGE_STRING=\"\[SAMPLE\]\ \[x.xx\]\" -DPACKAGE_BUGREPORT=\"bugs@yourdomain\" '
ECHO_C='ECHO_N=''
ECHO_T=''
LIBOBJS=''
LIBS=''
LLVM_OBJ='/Users/Mdwang/Documents/Code/C++/llvm_klee_revise/llvm-2.6'
LLVM_SRC='/Users/Mdwang/Documents/Code/C++/llvm_klee_revise/llvm-2.6'
LTLIBOBJS=''
PACKAGE_BUGREPORT='bugs@yourdomain'
PACKAGE_NAME='[SAMPLE]'
PACKAGE_STRING='[SAMPLE] [x.xx]'
PACKAGE_TARNAME='--sample--'
PACKAGE_VERSION='[x.xx]'
PATH_SEPARATOR=':'
SHELL='/bin/sh'
bindir='${exec_prefix}/bin'
build_alias=''
datadir='${prefix}/share'
exec_prefix='${prefix}'
host_alias=''
includedir='${prefix}/include'
infodir='${prefix}/info'
libdir='${exec_prefix}/lib'
libexecdir='${exec_prefix}/libexec'
localstatedir='${prefix}/var'
mandir='${prefix}/man'
oldincludedir='/usr/include'
prefix='/usr/local'
program_transform_name='s,x,x,'
sbindir='${exec_prefix}/sbin'
sharedstatedir='${prefix}/com'
sysconfdir='${prefix}/etc'
target_alias=''

## ----------- ##
## confdefs.h. ##
## ----------- ##

#define PACKAGE_BUGREPORT "bugs@yourdomain"
#define PACKAGE_NAME "[SAMPLE]"
#define PACKAGE_STRING "[SAMPLE] [x.xx]"
#define PACKAGE_TARNAME "--sample--"
#define PACKAGE_VERSION "[x.xx]"

configure: exit 0
